     89 GET /
     18 GET /adminInbox
     31 GET /adminInboxCount
    968 GET /countries
     16 GET /countries.json
      4 GET /countries?onlyActive=
     25 GET /emailVerification/*
    256 GET /inbox/done/*.jpg?width=
    186 GET /inbox/processed/*.jpg
    526 GET /inbox/processed/*.jpg?width=
     27 GET /inbox/rejected/*.jpg?width=
      7 GET /inbox/*.jpg
     18 GET /inbox/*.jpg?width=
     73 GET /login
     28 GET /loginRegister
      2 GET /login?error
     16 GET /login?register_success&username=
      1 GET /login?reset_password_success&username=
    142 GET /logo_white.svg
    129 GET /myProfile
     23 GET /nextZ
     43 GET /oauth2/authorize?client_id=&code_challenge=&code_challenge_method=&scope=&response_type=&redirect_uri=
     13 GET /oauth2/authorize?client_id=&code_challenge=&code_challenge_method=&scope=&response_type=&redirect_uri=&continue
     45 GET /oauth2/authorize?client_id=&scope=&response_type=&code_challenge=&code_challenge_method=&redirect_uri=&state=
     16 GET /oauth2/authorize?client_id=&scope=&response_type=&code_challenge=&code_challenge_method=&redirect_uri=&state=&continue
     29 GET /oauth2/consent?scope=&client_id=&state=
      6 GET /openapi.yaml
  14604 GET /photoStationById/*/*
   2088 GET /photoStationsByCountry/*
     20 GET /photoStationsByCountry/*?hasPhoto=
   2504 GET /photoStationsByCountry/*?hasPhoto=&isActive=
     58 GET /photoStationsByPhotographer/*
      1 GET /photoStationsByRecentPhotoImports
    287 GET /photoStationsByRecentPhotoImports?sinceHours=
     15 GET /photographers
      1 GET /photographers.txt
     82 GET /photographers?country=
  18012 GET /photos/*/*
    970 GET /publicInbox
      1 GET /stations
   7600 GET /stations?country=
  20890 GET /stats
    447 GET /stats?country=
    148 GET /style.css
     14 GET /userInbox
    148 GET /webjars/bootstrap/5.3.2/css/bootstrap.min.css
      1 GET /*/photographers.json
   4190 GET /*/stations
   8943 GET /*/stations/*
      5 GET /*/stats

      5 HEAD /
      7 HEAD /photos/*/*

    220 OPTIONS /adminInbox
     31 OPTIONS /adminInboxCount
      2 OPTIONS /countries
     92 OPTIONS /myProfile
      2 OPTIONS /photoStationsByCountry/*
     11 OPTIONS /photoUploadMultipartFormdata
      2 OPTIONS /publicInbox
     18 OPTIONS /reportProblem
     13 OPTIONS /resendEmailVerification
     14 OPTIONS /userInbox

    202 POST /adminInbox
     32 POST /login
     17 POST /loginRegister
      1 POST /loginResetPassword
     26 POST /myProfile
     23 POST /oauth2/authorize
     60 POST /oauth2/token
     54 POST /photoUpload
     11 POST /photoUploadMultipartFormdata
      2 POST /registration
    145 POST /reportProblem
     13 POST /resendEmailVerification
     72 POST /userInbox
